app/build/intermediates/manifest_merge_blame_file/debug/manifest-merger-blame-debug-report.txt
1<?xml version="1.0" encoding="utf-8"?>
2<manifest xmlns:android="http://schemas.android.com/apk/res/android"
3    package="com.adbcontroller"
4    android:versionCode="1"
5    android:versionName="1.0" >
6
7    <uses-sdk
8        android:minSdkVersion="31"
9        android:targetSdkVersion="33" />
10
11    <!-- Разрешения -->
12    <uses-feature
12-->src\main\AndroidManifest.xml:7:5-8:36
13        android:name="android.hardware.telephony"
13-->src\main\AndroidManifest.xml:7:19-60
14        android:required="false" />
14-->src\main\AndroidManifest.xml:8:9-33
15
16    <uses-permission android:name="android.permission.SEND_SMS" />
16-->src\main\AndroidManifest.xml:9:5-67
16-->src\main\AndroidManifest.xml:9:22-64
17    <uses-permission android:name="android.permission.READ_SMS" />
17-->src\main\AndroidManifest.xml:10:5-67
17-->src\main\AndroidManifest.xml:10:22-64
18    <uses-permission android:name="android.permission.RECEIVE_SMS" />
18-->src\main\AndroidManifest.xml:11:5-70
18-->src\main\AndroidManifest.xml:11:22-67
19    <uses-permission android:name="android.permission.ACCESS_FINE_LOCATION" />
19-->src\main\AndroidManifest.xml:12:5-79
19-->src\main\AndroidManifest.xml:12:22-76
20    <uses-permission android:name="android.permission.ACCESS_COARSE_LOCATION" />
20-->src\main\AndroidManifest.xml:13:5-81
20-->src\main\AndroidManifest.xml:13:22-78
21    <uses-permission android:name="android.permission.RECEIVE_BOOT_COMPLETED" />
21-->src\main\AndroidManifest.xml:14:5-81
21-->src\main\AndroidManifest.xml:14:22-78
22    <uses-permission android:name="android.permission.ACCESS_MOCK_LOCATION" />
22-->src\main\AndroidManifest.xml:15:5-16:60
22-->src\main\AndroidManifest.xml:15:22-76
23    <uses-permission android:name="android.permission.WRITE_SECURE_SETTINGS" />
23-->src\main\AndroidManifest.xml:17:5-18:47
23-->src\main\AndroidManifest.xml:17:22-77
24
25    <permission
25-->[androidx.core:core:1.9.0] AndroidManifest.xml:22:5-24:47
26        android:name="com.adbcontroller.DYNAMIC_RECEIVER_NOT_EXPORTED_PERMISSION"
26-->[androidx.core:core:1.9.0] AndroidManifest.xml:23:9-81
27        android:protectionLevel="signature" />
27-->[androidx.core:core:1.9.0] AndroidManifest.xml:24:9-44
28
29    <uses-permission android:name="com.adbcontroller.DYNAMIC_RECEIVER_NOT_EXPORTED_PERMISSION" />
29-->[androidx.core:core:1.9.0] AndroidManifest.xml:26:5-97
29-->[androidx.core:core:1.9.0] AndroidManifest.xml:26:22-94
30
31    <application
31-->src\main\AndroidManifest.xml:21:5-60:19
32        android:allowBackup="true"
32-->src\main\AndroidManifest.xml:22:9-35
33        android:appComponentFactory="androidx.core.app.CoreComponentFactory"
33-->[androidx.core:core:1.9.0] AndroidManifest.xml:28:18-86
34        android:dataExtractionRules="@xml/data_extraction_rules"
34-->src\main\AndroidManifest.xml:23:9-65
35        android:debuggable="true"
36        android:extractNativeLibs="false"
37        android:fullBackupContent="@xml/backup_rules"
37-->src\main\AndroidManifest.xml:24:9-54
38        android:icon="@mipmap/ic_launcher"
38-->src\main\AndroidManifest.xml:25:9-43
39        android:label="@string/app_name"
39-->src\main\AndroidManifest.xml:26:9-41
40        android:roundIcon="@mipmap/ic_launcher_round"
40-->src\main\AndroidManifest.xml:27:9-54
41        android:supportsRtl="true"
41-->src\main\AndroidManifest.xml:28:9-35
42        android:theme="@style/Theme.ADBSystem" >
42-->src\main\AndroidManifest.xml:29:9-47
43        <activity
43-->src\main\AndroidManifest.xml:31:9-35:20
44            android:name="com.adbcontroller.MainActivity"
44-->src\main\AndroidManifest.xml:32:13-58
45            android:enabled="false"
45-->src\main\AndroidManifest.xml:34:13-36
46            android:exported="true" >
46-->src\main\AndroidManifest.xml:33:13-36
47        </activity>
48
49        <receiver
49-->src\main\AndroidManifest.xml:37:9-44:20
50            android:name="com.adbcontroller.adb.AdbCommandReceiver"
50-->src\main\AndroidManifest.xml:38:13-68
51            android:enabled="true"
51-->src\main\AndroidManifest.xml:39:13-35
52            android:exported="true" >
52-->src\main\AndroidManifest.xml:40:13-36
53            <intent-filter>
53-->src\main\AndroidManifest.xml:41:13-43:29
54                <action android:name="com.adbcontroller.ADB_COMMAND" />
54-->src\main\AndroidManifest.xml:42:17-72
54-->src\main\AndroidManifest.xml:42:25-69
55            </intent-filter>
56        </receiver>
57        <receiver
57-->src\main\AndroidManifest.xml:46:9-53:20
58            android:name="com.adbcontroller.adb.BootReceiver"
58-->src\main\AndroidManifest.xml:47:13-62
59            android:enabled="true"
59-->src\main\AndroidManifest.xml:48:13-35
60            android:exported="true" >
60-->src\main\AndroidManifest.xml:49:13-36
61            <intent-filter>
61-->src\main\AndroidManifest.xml:50:13-52:29
62                <action android:name="android.intent.action.BOOT_COMPLETED" />
62-->src\main\AndroidManifest.xml:51:17-79
62-->src\main\AndroidManifest.xml:51:25-76
63            </intent-filter>
64        </receiver>
65
66        <service
66-->src\main\AndroidManifest.xml:55:9-58:81
67            android:name="com.adbcontroller.adb.AdbForegroundService"
67-->src\main\AndroidManifest.xml:56:13-70
68            android:exported="false"
68-->src\main\AndroidManifest.xml:57:13-37
69            android:foregroundServiceType="dataSync|location|connectedDevice" />
69-->src\main\AndroidManifest.xml:58:13-78
70
71        <provider
71-->[androidx.emoji2:emoji2:1.2.0] AndroidManifest.xml:24:9-32:20
72            android:name="androidx.startup.InitializationProvider"
72-->[androidx.emoji2:emoji2:1.2.0] AndroidManifest.xml:25:13-67
73            android:authorities="com.adbcontroller.androidx-startup"
73-->[androidx.emoji2:emoji2:1.2.0] AndroidManifest.xml:26:13-68
74            android:exported="false" >
74-->[androidx.emoji2:emoji2:1.2.0] AndroidManifest.xml:27:13-37
75            <meta-data
75-->[androidx.emoji2:emoji2:1.2.0] AndroidManifest.xml:29:13-31:52
76                android:name="androidx.emoji2.text.EmojiCompatInitializer"
76-->[androidx.emoji2:emoji2:1.2.0] AndroidManifest.xml:30:17-75
77                android:value="androidx.startup" />
77-->[androidx.emoji2:emoji2:1.2.0] AndroidManifest.xml:31:17-49
78            <meta-data
78-->[androidx.lifecycle:lifecycle-process:2.4.1] AndroidManifest.xml:31:13-33:52
79                android:name="androidx.lifecycle.ProcessLifecycleInitializer"
79-->[androidx.lifecycle:lifecycle-process:2.4.1] AndroidManifest.xml:32:17-78
80                android:value="androidx.startup" />
80-->[androidx.lifecycle:lifecycle-process:2.4.1] AndroidManifest.xml:33:17-49
81        </provider>
82    </application>
83
84</manifest>